<?xml version="1.0" encoding="UTF-8"?>
<!-- Generated by org.testng.reporters.JUnitReportReporter -->
<testsuite hostname="DESKTOP-9O42QPI" failures="0" tests="11" name="com.miniproject.Flipkart.Facebook_TestNG" time="38.948" errors="0" timestamp="2023-01-21T22:06:47 IST" skipped="0">
  <testcase classname="com.miniproject.Flipkart.Facebook_TestNG" name="Browser_Launch" time="2.055"/>
  <system-out/>
  <testcase classname="com.miniproject.Flipkart.Facebook_TestNG" name="url_Launch" time="4.230"/>
  <system-out/>
  <testcase classname="com.miniproject.Flipkart.Facebook_TestNG" name="page_Verified" time="2.050"/>
  <system-out/>
  <testcase classname="com.miniproject.Flipkart.Facebook_TestNG" name="log_In" time="7.757"/>
  <system-out/>
  <testcase classname="com.miniproject.Flipkart.Facebook_TestNG" name="screenshot" time="3.149"/>
  <system-out/>
  <testcase classname="com.miniproject.Flipkart.Facebook_TestNG" name="navigate" time="1.850"/>
  <system-out/>
  <testcase classname="com.miniproject.Flipkart.Facebook_TestNG" name="sign_Up" time="6.126"/>
  <system-out/>
  <testcase classname="com.miniproject.Flipkart.Facebook_TestNG" name="submit" time="3.138"/>
  <system-out/>
  <testcase classname="com.miniproject.Flipkart.Facebook_TestNG" name="screenshot2" time="3.138"/>
  <system-out/>
  <testcase classname="com.miniproject.Flipkart.Facebook_TestNG" name="navigat" time="5.053"/>
  <system-out/>
  <testcase classname="com.miniproject.Flipkart.Facebook_TestNG" name="contion_Checking" time="0.402"/>
  <system-out/>
</testsuite> <!-- com.miniproject.Flipkart.Facebook_TestNG -->
